  [1m[35m (0.1ms)[0m  [1m[34mSELECT sqlite_version(*)[0m
  [1m[35m (1.4ms)[0m  [1m[35mCREATE TABLE "schema_migrations" ("version" varchar NOT NULL PRIMARY KEY)[0m
  [1m[35m (2.7ms)[0m  [1m[35mCREATE TABLE "ar_internal_metadata" ("key" varchar NOT NULL PRIMARY KEY, "value" varchar, "created_at" datetime NOT NULL, "updated_at" datetime NOT NULL)[0m
  [1m[35m (0.2ms)[0m  [1m[34mSELECT "schema_migrations"."version" FROM "schema_migrations" ORDER BY "schema_migrations"."version" ASC[0m
Migrating to CreateUsers (20180424143500)
  [1m[35m (0.1ms)[0m  [1m[36mbegin transaction[0m
  [1m[35m (0.4ms)[0m  [1m[35mCREATE TABLE "users" ("id" INTEGER PRIMARY KEY AUTOINCREMENT NOT NULL, "name" varchar, "created_at" datetime NOT NULL, "updated_at" datetime NOT NULL)[0m
  [1m[35mSQL (0.4ms)[0m  [1m[32mINSERT INTO "schema_migrations" ("version") VALUES (?)[0m  [["version", "20180424143500"]]
  [1m[35m (1.0ms)[0m  [1m[36mcommit transaction[0m
Migrating to CreateArticles (20180424151059)
  [1m[35m (0.0ms)[0m  [1m[36mbegin transaction[0m
  [1m[35m (0.4ms)[0m  [1m[35mCREATE TABLE "articles" ("id" INTEGER PRIMARY KEY AUTOINCREMENT NOT NULL, "title" text, "body" text, "description" text, "created_at" datetime NOT NULL, "updated_at" datetime NOT NULL)[0m
  [1m[35mSQL (0.2ms)[0m  [1m[32mINSERT INTO "schema_migrations" ("version") VALUES (?)[0m  [["version", "20180424151059"]]
  [1m[35m (1.1ms)[0m  [1m[36mcommit transaction[0m
Migrating to CreateCategories (20180424151250)
  [1m[35m (0.1ms)[0m  [1m[36mbegin transaction[0m
  [1m[35m (0.6ms)[0m  [1m[35mCREATE TABLE "categories" ("id" INTEGER PRIMARY KEY AUTOINCREMENT NOT NULL, "name" varchar, "created_at" datetime NOT NULL, "updated_at" datetime NOT NULL)[0m
  [1m[35mSQL (0.2ms)[0m  [1m[32mINSERT INTO "schema_migrations" ("version") VALUES (?)[0m  [["version", "20180424151250"]]
  [1m[35m (2.0ms)[0m  [1m[36mcommit transaction[0m
Migrating to CreateJonctions (20180424151416)
  [1m[35m (0.1ms)[0m  [1m[36mbegin transaction[0m
  [1m[35m (0.6ms)[0m  [1m[35mCREATE TABLE "jonctions" ("id" INTEGER PRIMARY KEY AUTOINCREMENT NOT NULL, "created_at" datetime NOT NULL, "updated_at" datetime NOT NULL)[0m
  [1m[35mSQL (0.2ms)[0m  [1m[32mINSERT INTO "schema_migrations" ("version") VALUES (?)[0m  [["version", "20180424151416"]]
  [1m[35m (1.3ms)[0m  [1m[36mcommit transaction[0m
  [1m[36mActiveRecord::InternalMetadata Load (0.2ms)[0m  [1m[34mSELECT  "ar_internal_metadata".* FROM "ar_internal_metadata" WHERE "ar_internal_metadata"."key" = ? LIMIT ?[0m  [["key", "environment"], ["LIMIT", 1]]
  [1m[35m (0.1ms)[0m  [1m[36mbegin transaction[0m
  [1m[35mSQL (0.6ms)[0m  [1m[32mINSERT INTO "ar_internal_metadata" ("key", "value", "created_at", "updated_at") VALUES (?, ?, ?, ?)[0m  [["key", "environment"], ["value", "development"], ["created_at", "2018-04-24 16:03:40.582140"], ["updated_at", "2018-04-24 16:03:40.582140"]]
  [1m[35m (2.2ms)[0m  [1m[36mcommit transaction[0m
  [1m[35m (0.9ms)[0m  [1m[34mSELECT "schema_migrations"."version" FROM "schema_migrations" ORDER BY "schema_migrations"."version" ASC[0m
  [1m[36mUser Load (4.4ms)[0m  [1m[34mSELECT  "users".* FROM "users" LIMIT ?[0m  [["LIMIT", 11]]
  [1m[35m (0.1ms)[0m  [1m[36mbegin transaction[0m
  [1m[35mSQL (1.4ms)[0m  [1m[32mINSERT INTO "users" ("name", "created_at", "updated_at") VALUES (?, ?, ?)[0m  [["name", "John"], ["created_at", "2018-04-24 16:10:38.135913"], ["updated_at", "2018-04-24 16:10:38.135913"]]
  [1m[35m (1.0ms)[0m  [1m[36mcommit transaction[0m
  [1m[35m (0.5ms)[0m  [1m[34mSELECT "schema_migrations"."version" FROM "schema_migrations" ORDER BY "schema_migrations"."version" ASC[0m
  [1m[36mActiveRecord::InternalMetadata Load (0.8ms)[0m  [1m[34mSELECT  "ar_internal_metadata".* FROM "ar_internal_metadata" WHERE "ar_internal_metadata"."key" = ? LIMIT ?[0m  [["key", "environment"], ["LIMIT", 1]]
  [1m[35m (0.1ms)[0m  [1m[36mbegin transaction[0m
  [1m[35m (0.0ms)[0m  [1m[36mcommit transaction[0m
  [1m[35m (0.1ms)[0m  [1m[34mSELECT "schema_migrations"."version" FROM "schema_migrations" ORDER BY "schema_migrations"."version" ASC[0m
  [1m[35m (0.4ms)[0m  [1m[34mSELECT "schema_migrations"."version" FROM "schema_migrations" ORDER BY "schema_migrations"."version" ASC[0m
  [1m[35m (0.6ms)[0m  [1m[34mSELECT "schema_migrations"."version" FROM "schema_migrations" ORDER BY "schema_migrations"."version" ASC[0m
  [1m[35m (0.5ms)[0m  [1m[34mSELECT "schema_migrations"."version" FROM "schema_migrations" ORDER BY "schema_migrations"."version" ASC[0m
  [1m[35m (0.5ms)[0m  [1m[34mSELECT "schema_migrations"."version" FROM "schema_migrations" ORDER BY "schema_migrations"."version" ASC[0m
  [1m[35m (0.1ms)[0m  [1m[36mbegin transaction[0m
  [1m[35mSQL (1.3ms)[0m  [1m[32mINSERT INTO "users" ("name", "created_at", "updated_at") VALUES (?, ?, ?)[0m  [["name", "Spinka-Windler"], ["created_at", "2018-04-24 16:57:11.762881"], ["updated_at", "2018-04-24 16:57:11.762881"]]
  [1m[35m (2.5ms)[0m  [1m[36mcommit transaction[0m
  [1m[35m (0.0ms)[0m  [1m[36mbegin transaction[0m
  [1m[35mSQL (0.4ms)[0m  [1m[32mINSERT INTO "users" ("name", "created_at", "updated_at") VALUES (?, ?, ?)[0m  [["name", "Borer, Hintz and Mills"], ["created_at", "2018-04-24 16:57:11.769122"], ["updated_at", "2018-04-24 16:57:11.769122"]]
  [1m[35m (1.7ms)[0m  [1m[36mcommit transaction[0m
  [1m[35m (0.0ms)[0m  [1m[36mbegin transaction[0m
  [1m[35mSQL (0.6ms)[0m  [1m[32mINSERT INTO "users" ("name", "created_at", "updated_at") VALUES (?, ?, ?)[0m  [["name", "Hartmann and Sons"], ["created_at", "2018-04-24 16:57:11.772632"], ["updated_at", "2018-04-24 16:57:11.772632"]]
  [1m[35m (0.8ms)[0m  [1m[36mcommit transaction[0m
  [1m[35m (0.6ms)[0m  [1m[36mbegin transaction[0m
  [1m[35mSQL (0.5ms)[0m  [1m[32mINSERT INTO "users" ("name", "created_at", "updated_at") VALUES (?, ?, ?)[0m  [["name", "Kub-Ullrich"], ["created_at", "2018-04-24 16:57:11.775804"], ["updated_at", "2018-04-24 16:57:11.775804"]]
  [1m[35m (0.7ms)[0m  [1m[36mcommit transaction[0m
  [1m[35m (0.0ms)[0m  [1m[36mbegin transaction[0m
  [1m[35mSQL (0.4ms)[0m  [1m[32mINSERT INTO "users" ("name", "created_at", "updated_at") VALUES (?, ?, ?)[0m  [["name", "Baumbach-Metz"], ["created_at", "2018-04-24 16:57:11.778218"], ["updated_at", "2018-04-24 16:57:11.778218"]]
  [1m[35m (0.9ms)[0m  [1m[36mcommit transaction[0m
  [1m[35m (0.0ms)[0m  [1m[36mbegin transaction[0m
  [1m[35mSQL (0.4ms)[0m  [1m[32mINSERT INTO "users" ("name", "created_at", "updated_at") VALUES (?, ?, ?)[0m  [["name", "Gislason-Hagenes"], ["created_at", "2018-04-24 16:57:11.780679"], ["updated_at", "2018-04-24 16:57:11.780679"]]
  [1m[35m (0.8ms)[0m  [1m[36mcommit transaction[0m
  [1m[35m (0.0ms)[0m  [1m[36mbegin transaction[0m
  [1m[35mSQL (0.4ms)[0m  [1m[32mINSERT INTO "users" ("name", "created_at", "updated_at") VALUES (?, ?, ?)[0m  [["name", "Weber, Miller and Grady"], ["created_at", "2018-04-24 16:57:11.782994"], ["updated_at", "2018-04-24 16:57:11.782994"]]
  [1m[35m (1.0ms)[0m  [1m[36mcommit transaction[0m
  [1m[35m (0.0ms)[0m  [1m[36mbegin transaction[0m
  [1m[35mSQL (0.3ms)[0m  [1m[32mINSERT INTO "users" ("name", "created_at", "updated_at") VALUES (?, ?, ?)[0m  [["name", "Krajcik-Strosin"], ["created_at", "2018-04-24 16:57:11.785831"], ["updated_at", "2018-04-24 16:57:11.785831"]]
  [1m[35m (0.7ms)[0m  [1m[36mcommit transaction[0m
  [1m[35m (0.0ms)[0m  [1m[36mbegin transaction[0m
  [1m[35mSQL (0.3ms)[0m  [1m[32mINSERT INTO "users" ("name", "created_at", "updated_at") VALUES (?, ?, ?)[0m  [["name", "Dooley and Sons"], ["created_at", "2018-04-24 16:57:11.788168"], ["updated_at", "2018-04-24 16:57:11.788168"]]
  [1m[35m (0.7ms)[0m  [1m[36mcommit transaction[0m
  [1m[35m (0.0ms)[0m  [1m[36mbegin transaction[0m
  [1m[35mSQL (0.3ms)[0m  [1m[32mINSERT INTO "users" ("name", "created_at", "updated_at") VALUES (?, ?, ?)[0m  [["name", "Farrell Inc"], ["created_at", "2018-04-24 16:57:11.790084"], ["updated_at", "2018-04-24 16:57:11.790084"]]
  [1m[35m (0.7ms)[0m  [1m[36mcommit transaction[0m
  [1m[35m (0.0ms)[0m  [1m[36mbegin transaction[0m
  [1m[35mSQL (0.3ms)[0m  [1m[32mINSERT INTO "users" ("name", "created_at", "updated_at") VALUES (?, ?, ?)[0m  [["name", "Rolfson, Waters and Wuckert"], ["created_at", "2018-04-24 16:57:11.792060"], ["updated_at", "2018-04-24 16:57:11.792060"]]
  [1m[35m (0.7ms)[0m  [1m[36mcommit transaction[0m
  [1m[35m (0.1ms)[0m  [1m[36mbegin transaction[0m
  [1m[35mSQL (0.4ms)[0m  [1m[32mINSERT INTO "users" ("name", "created_at", "updated_at") VALUES (?, ?, ?)[0m  [["name", "Baumbach-Rath"], ["created_at", "2018-04-24 16:57:11.794568"], ["updated_at", "2018-04-24 16:57:11.794568"]]
  [1m[35m (0.7ms)[0m  [1m[36mcommit transaction[0m
  [1m[35m (0.1ms)[0m  [1m[36mbegin transaction[0m
  [1m[35mSQL (0.4ms)[0m  [1m[32mINSERT INTO "users" ("name", "created_at", "updated_at") VALUES (?, ?, ?)[0m  [["name", "Fay-Strosin"], ["created_at", "2018-04-24 16:57:11.797179"], ["updated_at", "2018-04-24 16:57:11.797179"]]
  [1m[35m (0.8ms)[0m  [1m[36mcommit transaction[0m
  [1m[35m (0.1ms)[0m  [1m[36mbegin transaction[0m
  [1m[35mSQL (0.4ms)[0m  [1m[32mINSERT INTO "users" ("name", "created_at", "updated_at") VALUES (?, ?, ?)[0m  [["name", "Carter LLC"], ["created_at", "2018-04-24 16:57:11.800010"], ["updated_at", "2018-04-24 16:57:11.800010"]]
  [1m[35m (0.8ms)[0m  [1m[36mcommit transaction[0m
  [1m[35m (0.1ms)[0m  [1m[36mbegin transaction[0m
  [1m[35mSQL (0.5ms)[0m  [1m[32mINSERT INTO "users" ("name", "created_at", "updated_at") VALUES (?, ?, ?)[0m  [["name", "Nikolaus, Hackett and Terry"], ["created_at", "2018-04-24 16:57:11.803001"], ["updated_at", "2018-04-24 16:57:11.803001"]]
  [1m[35m (1.5ms)[0m  [1m[36mcommit transaction[0m
  [1m[35m (0.1ms)[0m  [1m[36mbegin transaction[0m
  [1m[35mSQL (0.5ms)[0m  [1m[32mINSERT INTO "users" ("name", "created_at", "updated_at") VALUES (?, ?, ?)[0m  [["name", "Kuhic Group"], ["created_at", "2018-04-24 16:57:11.806799"], ["updated_at", "2018-04-24 16:57:11.806799"]]
  [1m[35m (0.8ms)[0m  [1m[36mcommit transaction[0m
  [1m[35m (0.1ms)[0m  [1m[36mbegin transaction[0m
  [1m[35mSQL (0.5ms)[0m  [1m[32mINSERT INTO "users" ("name", "created_at", "updated_at") VALUES (?, ?, ?)[0m  [["name", "Waelchi-Hills"], ["created_at", "2018-04-24 16:57:11.809797"], ["updated_at", "2018-04-24 16:57:11.809797"]]
  [1m[35m (0.8ms)[0m  [1m[36mcommit transaction[0m
  [1m[35m (0.1ms)[0m  [1m[36mbegin transaction[0m
  [1m[35mSQL (0.8ms)[0m  [1m[32mINSERT INTO "users" ("name", "created_at", "updated_at") VALUES (?, ?, ?)[0m  [["name", "Hagenes Group"], ["created_at", "2018-04-24 16:57:11.812514"], ["updated_at", "2018-04-24 16:57:11.812514"]]
  [1m[35m (0.9ms)[0m  [1m[36mcommit transaction[0m
  [1m[35m (0.0ms)[0m  [1m[36mbegin transaction[0m
  [1m[35mSQL (0.4ms)[0m  [1m[32mINSERT INTO "users" ("name", "created_at", "updated_at") VALUES (?, ?, ?)[0m  [["name", "Kris and Sons"], ["created_at", "2018-04-24 16:57:11.815554"], ["updated_at", "2018-04-24 16:57:11.815554"]]
  [1m[35m (0.9ms)[0m  [1m[36mcommit transaction[0m
  [1m[35m (0.0ms)[0m  [1m[36mbegin transaction[0m
  [1m[35mSQL (0.3ms)[0m  [1m[32mINSERT INTO "users" ("name", "created_at", "updated_at") VALUES (?, ?, ?)[0m  [["name", "Stehr-Howe"], ["created_at", "2018-04-24 16:57:11.818300"], ["updated_at", "2018-04-24 16:57:11.818300"]]
  [1m[35m (0.9ms)[0m  [1m[36mcommit transaction[0m
  [1m[35m (0.1ms)[0m  [1m[36mbegin transaction[0m
  [1m[35mSQL (0.3ms)[0m  [1m[32mINSERT INTO "users" ("name", "created_at", "updated_at") VALUES (?, ?, ?)[0m  [["name", "Considine, Botsford and Keebler"], ["created_at", "2018-04-24 16:57:11.820801"], ["updated_at", "2018-04-24 16:57:11.820801"]]
  [1m[35m (0.8ms)[0m  [1m[36mcommit transaction[0m
  [1m[35m (0.1ms)[0m  [1m[36mbegin transaction[0m
  [1m[35mSQL (0.4ms)[0m  [1m[32mINSERT INTO "users" ("name", "created_at", "updated_at") VALUES (?, ?, ?)[0m  [["name", "Pouros, West and Swift"], ["created_at", "2018-04-24 16:57:11.823977"], ["updated_at", "2018-04-24 16:57:11.823977"]]
  [1m[35m (1.3ms)[0m  [1m[36mcommit transaction[0m
  [1m[35m (0.1ms)[0m  [1m[36mbegin transaction[0m
  [1m[35mSQL (0.6ms)[0m  [1m[32mINSERT INTO "users" ("name", "created_at", "updated_at") VALUES (?, ?, ?)[0m  [["name", "Stamm-Hettinger"], ["created_at", "2018-04-24 16:57:11.827075"], ["updated_at", "2018-04-24 16:57:11.827075"]]
  [1m[35m (0.8ms)[0m  [1m[36mcommit transaction[0m
  [1m[35m (0.2ms)[0m  [1m[36mbegin transaction[0m
  [1m[35mSQL (0.5ms)[0m  [1m[32mINSERT INTO "users" ("name", "created_at", "updated_at") VALUES (?, ?, ?)[0m  [["name", "Mraz-Satterfield"], ["created_at", "2018-04-24 16:57:11.830110"], ["updated_at", "2018-04-24 16:57:11.830110"]]
  [1m[35m (1.0ms)[0m  [1m[36mcommit transaction[0m
  [1m[35m (0.0ms)[0m  [1m[36mbegin transaction[0m
  [1m[35mSQL (2.1ms)[0m  [1m[32mINSERT INTO "users" ("name", "created_at", "updated_at") VALUES (?, ?, ?)[0m  [["name", "West-Kerluke"], ["created_at", "2018-04-24 16:57:11.834332"], ["updated_at", "2018-04-24 16:57:11.834332"]]
  [1m[35m (1.6ms)[0m  [1m[36mcommit transaction[0m
  [1m[35m (0.3ms)[0m  [1m[36mbegin transaction[0m
  [1m[35mSQL (0.6ms)[0m  [1m[32mINSERT INTO "users" ("name", "created_at", "updated_at") VALUES (?, ?, ?)[0m  [["name", "Bogisich-O'Reilly"], ["created_at", "2018-04-24 16:57:11.840933"], ["updated_at", "2018-04-24 16:57:11.840933"]]
  [1m[35m (2.8ms)[0m  [1m[36mcommit transaction[0m
  [1m[35m (0.0ms)[0m  [1m[36mbegin transaction[0m
  [1m[35mSQL (0.5ms)[0m  [1m[32mINSERT INTO "users" ("name", "created_at", "updated_at") VALUES (?, ?, ?)[0m  [["name", "Medhurst Group"], ["created_at", "2018-04-24 16:57:11.846198"], ["updated_at", "2018-04-24 16:57:11.846198"]]
  [1m[35m (1.1ms)[0m  [1m[36mcommit transaction[0m
  [1m[35m (0.1ms)[0m  [1m[36mbegin transaction[0m
  [1m[35mSQL (0.4ms)[0m  [1m[32mINSERT INTO "users" ("name", "created_at", "updated_at") VALUES (?, ?, ?)[0m  [["name", "Dicki-Nolan"], ["created_at", "2018-04-24 16:57:11.851640"], ["updated_at", "2018-04-24 16:57:11.851640"]]
  [1m[35m (1.2ms)[0m  [1m[36mcommit transaction[0m
  [1m[35m (0.1ms)[0m  [1m[36mbegin transaction[0m
  [1m[35mSQL (12.8ms)[0m  [1m[32mINSERT INTO "users" ("name", "created_at", "updated_at") VALUES (?, ?, ?)[0m  [["name", "Bednar, Osinski and Mante"], ["created_at", "2018-04-24 16:57:11.854806"], ["updated_at", "2018-04-24 16:57:11.854806"]]
  [1m[35m (0.8ms)[0m  [1m[36mcommit transaction[0m
  [1m[35m (0.1ms)[0m  [1m[36mbegin transaction[0m
  [1m[35mSQL (0.4ms)[0m  [1m[32mINSERT INTO "users" ("name", "created_at", "updated_at") VALUES (?, ?, ?)[0m  [["name", "Welch LLC"], ["created_at", "2018-04-24 16:57:11.871627"], ["updated_at", "2018-04-24 16:57:11.871627"]]
  [1m[35m (1.3ms)[0m  [1m[36mcommit transaction[0m
  [1m[35m (0.0ms)[0m  [1m[36mbegin transaction[0m
  [1m[35mSQL (1.1ms)[0m  [1m[32mINSERT INTO "users" ("name", "created_at", "updated_at") VALUES (?, ?, ?)[0m  [["name", "Mraz, Wilkinson and Zemlak"], ["created_at", "2018-04-24 16:57:11.874545"], ["updated_at", "2018-04-24 16:57:11.874545"]]
  [1m[35m (5.4ms)[0m  [1m[36mcommit transaction[0m
  [1m[35m (0.1ms)[0m  [1m[36mbegin transaction[0m
  [1m[35mSQL (0.5ms)[0m  [1m[32mINSERT INTO "users" ("name", "created_at", "updated_at") VALUES (?, ?, ?)[0m  [["name", "Dach and Sons"], ["created_at", "2018-04-24 16:57:11.886806"], ["updated_at", "2018-04-24 16:57:11.886806"]]
  [1m[35m (1.0ms)[0m  [1m[36mcommit transaction[0m
  [1m[35m (0.1ms)[0m  [1m[36mbegin transaction[0m
  [1m[35mSQL (0.4ms)[0m  [1m[32mINSERT INTO "users" ("name", "created_at", "updated_at") VALUES (?, ?, ?)[0m  [["name", "Willms, Schmitt and Barrows"], ["created_at", "2018-04-24 16:57:11.890165"], ["updated_at", "2018-04-24 16:57:11.890165"]]
  [1m[35m (0.7ms)[0m  [1m[36mcommit transaction[0m
  [1m[35m (0.0ms)[0m  [1m[36mbegin transaction[0m
  [1m[35mSQL (0.9ms)[0m  [1m[32mINSERT INTO "users" ("name", "created_at", "updated_at") VALUES (?, ?, ?)[0m  [["name", "Hyatt, Little and Koepp"], ["created_at", "2018-04-24 16:57:11.892613"], ["updated_at", "2018-04-24 16:57:11.892613"]]
  [1m[35m (4.4ms)[0m  [1m[36mcommit transaction[0m
  [1m[35m (0.5ms)[0m  [1m[36mbegin transaction[0m
  [1m[35mSQL (1.3ms)[0m  [1m[32mINSERT INTO "users" ("name", "created_at", "updated_at") VALUES (?, ?, ?)[0m  [["name", "O'Hara, Turner and Hoeger"], ["created_at", "2018-04-24 16:57:11.902132"], ["updated_at", "2018-04-24 16:57:11.902132"]]
  [1m[35m (2.0ms)[0m  [1m[36mcommit transaction[0m
  [1m[35m (0.1ms)[0m  [1m[36mbegin transaction[0m
  [1m[35mSQL (0.5ms)[0m  [1m[32mINSERT INTO "users" ("name", "created_at", "updated_at") VALUES (?, ?, ?)[0m  [["name", "Berge, Kuhn and Greenholt"], ["created_at", "2018-04-24 16:57:11.907859"], ["updated_at", "2018-04-24 16:57:11.907859"]]
  [1m[35m (0.8ms)[0m  [1m[36mcommit transaction[0m
  [1m[35m (0.1ms)[0m  [1m[36mbegin transaction[0m
  [1m[35mSQL (0.6ms)[0m  [1m[32mINSERT INTO "users" ("name", "created_at", "updated_at") VALUES (?, ?, ?)[0m  [["name", "Hermann, Kovacek and Kihn"], ["created_at", "2018-04-24 16:57:11.911002"], ["updated_at", "2018-04-24 16:57:11.911002"]]
  [1m[35m (2.0ms)[0m  [1m[36mcommit transaction[0m
  [1m[35m (0.6ms)[0m  [1m[36mbegin transaction[0m
  [1m[35mSQL (1.0ms)[0m  [1m[32mINSERT INTO "users" ("name", "created_at", "updated_at") VALUES (?, ?, ?)[0m  [["name", "Schmitt Inc"], ["created_at", "2018-04-24 16:57:11.917352"], ["updated_at", "2018-04-24 16:57:11.917352"]]
  [1m[35m (8.5ms)[0m  [1m[36mcommit transaction[0m
  [1m[35m (0.4ms)[0m  [1m[36mbegin transaction[0m
  [1m[35mSQL (0.9ms)[0m  [1m[32mINSERT INTO "users" ("name", "created_at", "updated_at") VALUES (?, ?, ?)[0m  [["name", "Stiedemann-Mitchell"], ["created_at", "2018-04-24 16:57:11.931439"], ["updated_at", "2018-04-24 16:57:11.931439"]]
  [1m[35m (2.8ms)[0m  [1m[36mcommit transaction[0m
  [1m[35m (0.1ms)[0m  [1m[36mbegin transaction[0m
  [1m[35mSQL (1.7ms)[0m  [1m[32mINSERT INTO "users" ("name", "created_at", "updated_at") VALUES (?, ?, ?)[0m  [["name", "Price Group"], ["created_at", "2018-04-24 16:57:11.968227"], ["updated_at", "2018-04-24 16:57:11.968227"]]
  [1m[35m (2.0ms)[0m  [1m[36mcommit transaction[0m
  [1m[35m (0.1ms)[0m  [1m[36mbegin transaction[0m
  [1m[35mSQL (0.7ms)[0m  [1m[32mINSERT INTO "users" ("name", "created_at", "updated_at") VALUES (?, ?, ?)[0m  [["name", "Jacobson, Maggio and Schinner"], ["created_at", "2018-04-24 16:57:11.980876"], ["updated_at", "2018-04-24 16:57:11.980876"]]
  [1m[35m (2.6ms)[0m  [1m[36mcommit transaction[0m
  [1m[35m (0.1ms)[0m  [1m[36mbegin transaction[0m
  [1m[35mSQL (1.6ms)[0m  [1m[32mINSERT INTO "users" ("name", "created_at", "updated_at") VALUES (?, ?, ?)[0m  [["name", "Dicki Group"], ["created_at", "2018-04-24 16:57:11.987567"], ["updated_at", "2018-04-24 16:57:11.987567"]]
  [1m[35m (18.9ms)[0m  [1m[36mcommit transaction[0m
  [1m[35m (0.1ms)[0m  [1m[36mbegin transaction[0m
  [1m[35mSQL (0.4ms)[0m  [1m[32mINSERT INTO "users" ("name", "created_at", "updated_at") VALUES (?, ?, ?)[0m  [["name", "Senger-Goldner"], ["created_at", "2018-04-24 16:57:12.019063"], ["updated_at", "2018-04-24 16:57:12.019063"]]
  [1m[35m (15.6ms)[0m  [1m[36mcommit transaction[0m
  [1m[35m (0.1ms)[0m  [1m[36mbegin transaction[0m
  [1m[35mSQL (0.5ms)[0m  [1m[32mINSERT INTO "users" ("name", "created_at", "updated_at") VALUES (?, ?, ?)[0m  [["name", "Lockman-Maggio"], ["created_at", "2018-04-24 16:57:12.037385"], ["updated_at", "2018-04-24 16:57:12.037385"]]
  [1m[35m (1.0ms)[0m  [1m[36mcommit transaction[0m
  [1m[35m (0.1ms)[0m  [1m[36mbegin transaction[0m
  [1m[35mSQL (1.8ms)[0m  [1m[32mINSERT INTO "users" ("name", "created_at", "updated_at") VALUES (?, ?, ?)[0m  [["name", "Murphy Group"], ["created_at", "2018-04-24 16:57:12.040947"], ["updated_at", "2018-04-24 16:57:12.040947"]]
  [1m[35m (5.6ms)[0m  [1m[36mcommit transaction[0m
  [1m[35m (0.2ms)[0m  [1m[36mbegin transaction[0m
  [1m[35mSQL (22.7ms)[0m  [1m[32mINSERT INTO "users" ("name", "created_at", "updated_at") VALUES (?, ?, ?)[0m  [["name", "Kessler and Sons"], ["created_at", "2018-04-24 16:57:12.052146"], ["updated_at", "2018-04-24 16:57:12.052146"]]
  [1m[35m (2.5ms)[0m  [1m[36mcommit transaction[0m
  [1m[35m (0.1ms)[0m  [1m[36mbegin transaction[0m
  [1m[35mSQL (0.6ms)[0m  [1m[32mINSERT INTO "users" ("name", "created_at", "updated_at") VALUES (?, ?, ?)[0m  [["name", "Simonis, Reilly and Waelchi"], ["created_at", "2018-04-24 16:57:12.083711"], ["updated_at", "2018-04-24 16:57:12.083711"]]
  [1m[35m (1.1ms)[0m  [1m[36mcommit transaction[0m
  [1m[35m (0.1ms)[0m  [1m[36mbegin transaction[0m
  [1m[35mSQL (1.9ms)[0m  [1m[32mINSERT INTO "users" ("name", "created_at", "updated_at") VALUES (?, ?, ?)[0m  [["name", "Ledner-Moore"], ["created_at", "2018-04-24 16:57:12.086933"], ["updated_at", "2018-04-24 16:57:12.086933"]]
  [1m[35m (0.8ms)[0m  [1m[36mcommit transaction[0m
  [1m[35m (0.1ms)[0m  [1m[36mbegin transaction[0m
  [1m[35mSQL (1.0ms)[0m  [1m[32mINSERT INTO "users" ("name", "created_at", "updated_at") VALUES (?, ?, ?)[0m  [["name", "Muller LLC"], ["created_at", "2018-04-24 16:57:12.092109"], ["updated_at", "2018-04-24 16:57:12.092109"]]
  [1m[35m (0.8ms)[0m  [1m[36mcommit transaction[0m
  [1m[35m (0.1ms)[0m  [1m[36mbegin transaction[0m
  [1m[35mSQL (0.4ms)[0m  [1m[32mINSERT INTO "users" ("name", "created_at", "updated_at") VALUES (?, ?, ?)[0m  [["name", "Prosacco, Davis and Kassulke"], ["created_at", "2018-04-24 16:57:12.095365"], ["updated_at", "2018-04-24 16:57:12.095365"]]
  [1m[35m (0.7ms)[0m  [1m[36mcommit transaction[0m
  [1m[35m (0.0ms)[0m  [1m[36mbegin transaction[0m
  [1m[35mSQL (0.3ms)[0m  [1m[32mINSERT INTO "users" ("name", "created_at", "updated_at") VALUES (?, ?, ?)[0m  [["name", "Hills, Lynch and Haag"], ["created_at", "2018-04-24 16:57:12.097696"], ["updated_at", "2018-04-24 16:57:12.097696"]]
  [1m[35m (0.8ms)[0m  [1m[36mcommit transaction[0m
  [1m[35m (0.0ms)[0m  [1m[36mbegin transaction[0m
  [1m[35mSQL (0.9ms)[0m  [1m[32mINSERT INTO "users" ("name", "created_at", "updated_at") VALUES (?, ?, ?)[0m  [["name", "Cummings Group"], ["created_at", "2018-04-24 16:57:12.099988"], ["updated_at", "2018-04-24 16:57:12.099988"]]
  [1m[35m (1.2ms)[0m  [1m[36mcommit transaction[0m
  [1m[35m (0.1ms)[0m  [1m[36mbegin transaction[0m
  [1m[35mSQL (0.5ms)[0m  [1m[32mINSERT INTO "users" ("name", "created_at", "updated_at") VALUES (?, ?, ?)[0m  [["name", "Koss-Mitchell"], ["created_at", "2018-04-24 16:57:12.104211"], ["updated_at", "2018-04-24 16:57:12.104211"]]
  [1m[35m (0.8ms)[0m  [1m[36mcommit transaction[0m
  [1m[35m (0.1ms)[0m  [1m[36mbegin transaction[0m
  [1m[35mSQL (0.5ms)[0m  [1m[32mINSERT INTO "users" ("name", "created_at", "updated_at") VALUES (?, ?, ?)[0m  [["name", "Parker-Prohaska"], ["created_at", "2018-04-24 16:57:12.107741"], ["updated_at", "2018-04-24 16:57:12.107741"]]
  [1m[35m (1.7ms)[0m  [1m[36mcommit transaction[0m
  [1m[35m (1.3ms)[0m  [1m[36mbegin transaction[0m
  [1m[35mSQL (0.7ms)[0m  [1m[32mINSERT INTO "users" ("name", "created_at", "updated_at") VALUES (?, ?, ?)[0m  [["name", "Koelpin LLC"], ["created_at", "2018-04-24 16:57:12.116679"], ["updated_at", "2018-04-24 16:57:12.116679"]]
  [1m[35m (1.0ms)[0m  [1m[36mcommit transaction[0m
  [1m[35m (0.1ms)[0m  [1m[36mbegin transaction[0m
  [1m[35mSQL (0.4ms)[0m  [1m[32mINSERT INTO "users" ("name", "created_at", "updated_at") VALUES (?, ?, ?)[0m  [["name", "Williamson and Sons"], ["created_at", "2018-04-24 16:57:12.120276"], ["updated_at", "2018-04-24 16:57:12.120276"]]
  [1m[35m (0.9ms)[0m  [1m[36mcommit transaction[0m
  [1m[35m (0.0ms)[0m  [1m[36mbegin transaction[0m
  [1m[35mSQL (0.4ms)[0m  [1m[32mINSERT INTO "users" ("name", "created_at", "updated_at") VALUES (?, ?, ?)[0m  [["name", "Murphy-Stokes"], ["created_at", "2018-04-24 16:57:12.122763"], ["updated_at", "2018-04-24 16:57:12.122763"]]
  [1m[35m (4.9ms)[0m  [1m[36mcommit transaction[0m
  [1m[35m (0.1ms)[0m  [1m[36mbegin transaction[0m
  [1m[35mSQL (1.0ms)[0m  [1m[32mINSERT INTO "users" ("name", "created_at", "updated_at") VALUES (?, ?, ?)[0m  [["name", "Conn Group"], ["created_at", "2018-04-24 16:57:12.130506"], ["updated_at", "2018-04-24 16:57:12.130506"]]
  [1m[35m (4.6ms)[0m  [1m[36mcommit transaction[0m
  [1m[35m (0.1ms)[0m  [1m[36mbegin transaction[0m
  [1m[35mSQL (0.9ms)[0m  [1m[32mINSERT INTO "users" ("name", "created_at", "updated_at") VALUES (?, ?, ?)[0m  [["name", "Effertz-Klein"], ["created_at", "2018-04-24 16:57:12.137806"], ["updated_at", "2018-04-24 16:57:12.137806"]]
  [1m[35m (9.4ms)[0m  [1m[36mcommit transaction[0m
  [1m[35m (0.1ms)[0m  [1m[36mbegin transaction[0m
  [1m[35mSQL (1.2ms)[0m  [1m[32mINSERT INTO "users" ("name", "created_at", "updated_at") VALUES (?, ?, ?)[0m  [["name", "Koelpin, Von and Kohler"], ["created_at", "2018-04-24 16:57:12.158024"], ["updated_at", "2018-04-24 16:57:12.158024"]]
  [1m[35m (1.6ms)[0m  [1m[36mcommit transaction[0m
  [1m[35m (0.1ms)[0m  [1m[36mbegin transaction[0m
  [1m[35mSQL (3.2ms)[0m  [1m[32mINSERT INTO "users" ("name", "created_at", "updated_at") VALUES (?, ?, ?)[0m  [["name", "Zieme Inc"], ["created_at", "2018-04-24 16:57:12.210125"], ["updated_at", "2018-04-24 16:57:12.210125"]]
  [1m[35m (1.2ms)[0m  [1m[36mcommit transaction[0m
  [1m[35m (0.1ms)[0m  [1m[36mbegin transaction[0m
  [1m[35mSQL (0.6ms)[0m  [1m[32mINSERT INTO "users" ("name", "created_at", "updated_at") VALUES (?, ?, ?)[0m  [["name", "Leffler and Sons"], ["created_at", "2018-04-24 16:57:12.218270"], ["updated_at", "2018-04-24 16:57:12.218270"]]
  [1m[35m (6.8ms)[0m  [1m[36mcommit transaction[0m
  [1m[35m (5.3ms)[0m  [1m[36mbegin transaction[0m
  [1m[35mSQL (0.5ms)[0m  [1m[32mINSERT INTO "users" ("name", "created_at", "updated_at") VALUES (?, ?, ?)[0m  [["name", "Beatty Group"], ["created_at", "2018-04-24 16:57:12.232804"], ["updated_at", "2018-04-24 16:57:12.232804"]]
  [1m[35m (0.8ms)[0m  [1m[36mcommit transaction[0m
  [1m[35m (0.0ms)[0m  [1m[36mbegin transaction[0m
  [1m[35mSQL (0.3ms)[0m  [1m[32mINSERT INTO "users" ("name", "created_at", "updated_at") VALUES (?, ?, ?)[0m  [["name", "Altenwerth LLC"], ["created_at", "2018-04-24 16:57:12.238448"], ["updated_at", "2018-04-24 16:57:12.238448"]]
  [1m[35m (0.7ms)[0m  [1m[36mcommit transaction[0m
  [1m[35m (0.0ms)[0m  [1m[36mbegin transaction[0m
  [1m[35mSQL (0.5ms)[0m  [1m[32mINSERT INTO "users" ("name", "created_at", "updated_at") VALUES (?, ?, ?)[0m  [["name", "Runte-Bergnaum"], ["created_at", "2018-04-24 16:57:12.240478"], ["updated_at", "2018-04-24 16:57:12.240478"]]
  [1m[35m (6.3ms)[0m  [1m[36mcommit transaction[0m
  [1m[35m (0.1ms)[0m  [1m[36mbegin transaction[0m
  [1m[35mSQL (0.5ms)[0m  [1m[32mINSERT INTO "users" ("name", "created_at", "updated_at") VALUES (?, ?, ?)[0m  [["name", "Goodwin, Jacobi and Olson"], ["created_at", "2018-04-24 16:57:12.250063"], ["updated_at", "2018-04-24 16:57:12.250063"]]
  [1m[35m (0.8ms)[0m  [1m[36mcommit transaction[0m
  [1m[35m (3.0ms)[0m  [1m[36mbegin transaction[0m
  [1m[35mSQL (8.6ms)[0m  [1m[32mINSERT INTO "users" ("name", "created_at", "updated_at") VALUES (?, ?, ?)[0m  [["name", "Schmidt-O'Hara"], ["created_at", "2018-04-24 16:57:12.256289"], ["updated_at", "2018-04-24 16:57:12.256289"]]
  [1m[35m (1.1ms)[0m  [1m[36mcommit transaction[0m
  [1m[35m (0.1ms)[0m  [1m[36mbegin transaction[0m
  [1m[35mSQL (0.5ms)[0m  [1m[32mINSERT INTO "users" ("name", "created_at", "updated_at") VALUES (?, ?, ?)[0m  [["name", "Bruen-Von"], ["created_at", "2018-04-24 16:57:12.273359"], ["updated_at", "2018-04-24 16:57:12.273359"]]
  [1m[35m (2.6ms)[0m  [1m[36mcommit transaction[0m
  [1m[35m (0.1ms)[0m  [1m[36mbegin transaction[0m
  [1m[35mSQL (0.5ms)[0m  [1m[32mINSERT INTO "users" ("name", "created_at", "updated_at") VALUES (?, ?, ?)[0m  [["name", "Haag-Schmeler"], ["created_at", "2018-04-24 16:57:12.278263"], ["updated_at", "2018-04-24 16:57:12.278263"]]
  [1m[35m (0.7ms)[0m  [1m[36mcommit transaction[0m
  [1m[35m (0.0ms)[0m  [1m[36mbegin transaction[0m
  [1m[35mSQL (0.5ms)[0m  [1m[32mINSERT INTO "users" ("name", "created_at", "updated_at") VALUES (?, ?, ?)[0m  [["name", "Dooley, Thiel and Mraz"], ["created_at", "2018-04-24 16:57:12.280940"], ["updated_at", "2018-04-24 16:57:12.280940"]]
  [1m[35m (1.2ms)[0m  [1m[36mcommit transaction[0m
  [1m[35m (0.0ms)[0m  [1m[36mbegin transaction[0m
  [1m[35mSQL (0.5ms)[0m  [1m[32mINSERT INTO "users" ("name", "created_at", "updated_at") VALUES (?, ?, ?)[0m  [["name", "Boyle LLC"], ["created_at", "2018-04-24 16:57:12.283920"], ["updated_at", "2018-04-24 16:57:12.283920"]]
  [1m[35m (0.7ms)[0m  [1m[36mcommit transaction[0m
  [1m[35m (0.0ms)[0m  [1m[36mbegin transaction[0m
  [1m[35mSQL (0.5ms)[0m  [1m[32mINSERT INTO "users" ("name", "created_at", "updated_at") VALUES (?, ?, ?)[0m  [["name", "Runte, Pfeffer and McKenzie"], ["created_at", "2018-04-24 16:57:12.286923"], ["updated_at", "2018-04-24 16:57:12.286923"]]
  [1m[35m (0.7ms)[0m  [1m[36mcommit transaction[0m
  [1m[35m (0.1ms)[0m  [1m[36mbegin transaction[0m
  [1m[35mSQL (0.7ms)[0m  [1m[32mINSERT INTO "users" ("name", "created_at", "updated_at") VALUES (?, ?, ?)[0m  [["name", "Walker-Cartwright"], ["created_at", "2018-04-24 16:57:12.290013"], ["updated_at", "2018-04-24 16:57:12.290013"]]
  [1m[35m (0.8ms)[0m  [1m[36mcommit transaction[0m
  [1m[35m (0.0ms)[0m  [1m[36mbegin transaction[0m
  [1m[35mSQL (0.3ms)[0m  [1m[32mINSERT INTO "users" ("name", "created_at", "updated_at") VALUES (?, ?, ?)[0m  [["name", "Pfeffer-Nicolas"], ["created_at", "2018-04-24 16:57:12.292725"], ["updated_at", "2018-04-24 16:57:12.292725"]]
  [1m[35m (0.7ms)[0m  [1m[36mcommit transaction[0m
  [1m[35m (0.1ms)[0m  [1m[36mbegin transaction[0m
  [1m[35mSQL (0.5ms)[0m  [1m[32mINSERT INTO "users" ("name", "created_at", "updated_at") VALUES (?, ?, ?)[0m  [["name", "Klocko, Metz and Murphy"], ["created_at", "2018-04-24 16:57:12.295590"], ["updated_at", "2018-04-24 16:57:12.295590"]]
  [1m[35m (0.7ms)[0m  [1m[36mcommit transaction[0m
  [1m[35m (0.1ms)[0m  [1m[36mbegin transaction[0m
  [1m[35mSQL (1.0ms)[0m  [1m[32mINSERT INTO "users" ("name", "created_at", "updated_at") VALUES (?, ?, ?)[0m  [["name", "Haley, Hamill and Bergnaum"], ["created_at", "2018-04-24 16:57:12.298410"], ["updated_at", "2018-04-24 16:57:12.298410"]]
  [1m[35m (0.9ms)[0m  [1m[36mcommit transaction[0m
  [1m[35m (0.1ms)[0m  [1m[36mbegin transaction[0m
  [1m[35mSQL (0.7ms)[0m  [1m[32mINSERT INTO "users" ("name", "created_at", "updated_at") VALUES (?, ?, ?)[0m  [["name", "Bradtke Group"], ["created_at", "2018-04-24 16:57:12.302168"], ["updated_at", "2018-04-24 16:57:12.302168"]]
  [1m[35m (0.9ms)[0m  [1m[36mcommit transaction[0m
  [1m[35m (0.1ms)[0m  [1m[36mbegin transaction[0m
  [1m[35mSQL (0.6ms)[0m  [1m[32mINSERT INTO "users" ("name", "created_at", "updated_at") VALUES (?, ?, ?)[0m  [["name", "Gutkowski, Davis and Cartwright"], ["created_at", "2018-04-24 16:57:12.306291"], ["updated_at", "2018-04-24 16:57:12.306291"]]
  [1m[35m (0.8ms)[0m  [1m[36mcommit transaction[0m
  [1m[35m (0.1ms)[0m  [1m[36mbegin transaction[0m
  [1m[35mSQL (2.4ms)[0m  [1m[32mINSERT INTO "users" ("name", "created_at", "updated_at") VALUES (?, ?, ?)[0m  [["name", "Green Group"], ["created_at", "2018-04-24 16:57:12.310742"], ["updated_at", "2018-04-24 16:57:12.310742"]]
  [1m[35m (0.9ms)[0m  [1m[36mcommit transaction[0m
  [1m[35m (0.0ms)[0m  [1m[36mbegin transaction[0m
  [1m[35mSQL (0.4ms)[0m  [1m[32mINSERT INTO "users" ("name", "created_at", "updated_at") VALUES (?, ?, ?)[0m  [["name", "Pouros LLC"], ["created_at", "2018-04-24 16:57:12.320634"], ["updated_at", "2018-04-24 16:57:12.320634"]]
  [1m[35m (0.8ms)[0m  [1m[36mcommit transaction[0m
  [1m[35m (0.1ms)[0m  [1m[36mbegin transaction[0m
  [1m[35mSQL (0.4ms)[0m  [1m[32mINSERT INTO "users" ("name", "created_at", "updated_at") VALUES (?, ?, ?)[0m  [["name", "Nolan-Marks"], ["created_at", "2018-04-24 16:57:12.323899"], ["updated_at", "2018-04-24 16:57:12.323899"]]
  [1m[35m (1.9ms)[0m  [1m[36mcommit transaction[0m
  [1m[35m (0.2ms)[0m  [1m[36mbegin transaction[0m
  [1m[35mSQL (0.7ms)[0m  [1m[32mINSERT INTO "users" ("name", "created_at", "updated_at") VALUES (?, ?, ?)[0m  [["name", "Welch, Weber and Roob"], ["created_at", "2018-04-24 16:57:12.329905"], ["updated_at", "2018-04-24 16:57:12.329905"]]
  [1m[35m (1.2ms)[0m  [1m[36mcommit transaction[0m
  [1m[35m (0.1ms)[0m  [1m[36mbegin transaction[0m
  [1m[35mSQL (0.9ms)[0m  [1m[32mINSERT INTO "users" ("name", "created_at", "updated_at") VALUES (?, ?, ?)[0m  [["name", "Oberbrunner and Sons"], ["created_at", "2018-04-24 16:57:12.334654"], ["updated_at", "2018-04-24 16:57:12.334654"]]
  [1m[35m (1.1ms)[0m  [1m[36mcommit transaction[0m
  [1m[35m (0.1ms)[0m  [1m[36mbegin transaction[0m
  [1m[35mSQL (0.4ms)[0m  [1m[32mINSERT INTO "users" ("name", "created_at", "updated_at") VALUES (?, ?, ?)[0m  [["name", "Wolff-Kuvalis"], ["created_at", "2018-04-24 16:57:12.338361"], ["updated_at", "2018-04-24 16:57:12.338361"]]
  [1m[35m (2.3ms)[0m  [1m[36mcommit transaction[0m
  [1m[35m (1.0ms)[0m  [1m[36mbegin transaction[0m
  [1m[35mSQL (0.5ms)[0m  [1m[32mINSERT INTO "users" ("name", "created_at", "updated_at") VALUES (?, ?, ?)[0m  [["name", "Gerlach-McDermott"], ["created_at", "2018-04-24 16:57:12.346340"], ["updated_at", "2018-04-24 16:57:12.346340"]]
  [1m[35m (1.0ms)[0m  [1m[36mcommit transaction[0m
  [1m[35m (0.0ms)[0m  [1m[36mbegin transaction[0m
  [1m[35mSQL (0.4ms)[0m  [1m[32mINSERT INTO "users" ("name", "created_at", "updated_at") VALUES (?, ?, ?)[0m  [["name", "Purdy and Sons"], ["created_at", "2018-04-24 16:57:12.349442"], ["updated_at", "2018-04-24 16:57:12.349442"]]
  [1m[35m (1.0ms)[0m  [1m[36mcommit transaction[0m
  [1m[35m (0.0ms)[0m  [1m[36mbegin transaction[0m
  [1m[35mSQL (0.8ms)[0m  [1m[32mINSERT INTO "users" ("name", "created_at", "updated_at") VALUES (?, ?, ?)[0m  [["name", "Sipes-Abernathy"], ["created_at", "2018-04-24 16:57:12.352223"], ["updated_at", "2018-04-24 16:57:12.352223"]]
  [1m[35m (1.1ms)[0m  [1m[36mcommit transaction[0m
  [1m[35m (0.1ms)[0m  [1m[36mbegin transaction[0m
  [1m[35mSQL (0.6ms)[0m  [1m[32mINSERT INTO "users" ("name", "created_at", "updated_at") VALUES (?, ?, ?)[0m  [["name", "O'Connell Inc"], ["created_at", "2018-04-24 16:57:12.356474"], ["updated_at", "2018-04-24 16:57:12.356474"]]
  [1m[35m (2.4ms)[0m  [1m[36mcommit transaction[0m
  [1m[35m (0.1ms)[0m  [1m[36mbegin transaction[0m
  [1m[35mSQL (0.9ms)[0m  [1m[32mINSERT INTO "users" ("name", "created_at", "updated_at") VALUES (?, ?, ?)[0m  [["name", "Morissette-Volkman"], ["created_at", "2018-04-24 16:57:12.366890"], ["updated_at", "2018-04-24 16:57:12.366890"]]
  [1m[35m (2.2ms)[0m  [1m[36mcommit transaction[0m
  [1m[35m (0.1ms)[0m  [1m[36mbegin transaction[0m
  [1m[35mSQL (0.5ms)[0m  [1m[32mINSERT INTO "users" ("name", "created_at", "updated_at") VALUES (?, ?, ?)[0m  [["name", "Mann Inc"], ["created_at", "2018-04-24 16:57:12.407877"], ["updated_at", "2018-04-24 16:57:12.407877"]]
  [1m[35m (0.8ms)[0m  [1m[36mcommit transaction[0m
  [1m[35m (0.1ms)[0m  [1m[36mbegin transaction[0m
  [1m[35mSQL (0.3ms)[0m  [1m[32mINSERT INTO "users" ("name", "created_at", "updated_at") VALUES (?, ?, ?)[0m  [["name", "Wintheiser, McCullough and Beahan"], ["created_at", "2018-04-24 16:57:12.410556"], ["updated_at", "2018-04-24 16:57:12.410556"]]
  [1m[35m (0.8ms)[0m  [1m[36mcommit transaction[0m
  [1m[35m (0.1ms)[0m  [1m[36mbegin transaction[0m
  [1m[35mSQL (0.5ms)[0m  [1m[32mINSERT INTO "users" ("name", "created_at", "updated_at") VALUES (?, ?, ?)[0m  [["name", "Walker, Hamill and Baumbach"], ["created_at", "2018-04-24 16:57:12.414013"], ["updated_at", "2018-04-24 16:57:12.414013"]]
  [1m[35m (1.1ms)[0m  [1m[36mcommit transaction[0m
  [1m[35m (0.0ms)[0m  [1m[36mbegin transaction[0m
  [1m[35mSQL (0.5ms)[0m  [1m[32mINSERT INTO "users" ("name", "created_at", "updated_at") VALUES (?, ?, ?)[0m  [["name", "Buckridge, Rice and Bins"], ["created_at", "2018-04-24 16:57:12.417713"], ["updated_at", "2018-04-24 16:57:12.417713"]]
  [1m[35m (1.5ms)[0m  [1m[36mcommit transaction[0m
  [1m[35m (0.1ms)[0m  [1m[36mbegin transaction[0m
  [1m[35mSQL (1.1ms)[0m  [1m[32mINSERT INTO "users" ("name", "created_at", "updated_at") VALUES (?, ?, ?)[0m  [["name", "Mohr, Watsica and Steuber"], ["created_at", "2018-04-24 16:57:12.424194"], ["updated_at", "2018-04-24 16:57:12.424194"]]
  [1m[35m (11.7ms)[0m  [1m[36mcommit transaction[0m
  [1m[35m (0.0ms)[0m  [1m[36mbegin transaction[0m
  [1m[35mSQL (0.4ms)[0m  [1m[32mINSERT INTO "users" ("name", "created_at", "updated_at") VALUES (?, ?, ?)[0m  [["name", "Witting LLC"], ["created_at", "2018-04-24 16:57:12.438944"], ["updated_at", "2018-04-24 16:57:12.438944"]]
  [1m[35m (0.8ms)[0m  [1m[36mcommit transaction[0m
  [1m[35m (0.0ms)[0m  [1m[36mbegin transaction[0m
  [1m[35mSQL (0.5ms)[0m  [1m[32mINSERT INTO "users" ("name", "created_at", "updated_at") VALUES (?, ?, ?)[0m  [["name", "Pacocha, Turner and Leuschke"], ["created_at", "2018-04-24 16:57:12.441235"], ["updated_at", "2018-04-24 16:57:12.441235"]]
  [1m[35m (4.1ms)[0m  [1m[36mcommit transaction[0m
  [1m[35m (0.0ms)[0m  [1m[36mbegin transaction[0m
  [1m[35mSQL (0.3ms)[0m  [1m[32mINSERT INTO "users" ("name", "created_at", "updated_at") VALUES (?, ?, ?)[0m  [["name", "Sipes, Quigley and Sawayn"], ["created_at", "2018-04-24 16:57:12.450034"], ["updated_at", "2018-04-24 16:57:12.450034"]]
  [1m[35m (0.7ms)[0m  [1m[36mcommit transaction[0m
  [1m[35m (0.0ms)[0m  [1m[36mbegin transaction[0m
  [1m[35mSQL (1.2ms)[0m  [1m[32mINSERT INTO "users" ("name", "created_at", "updated_at") VALUES (?, ?, ?)[0m  [["name", "O'Hara-Rice"], ["created_at", "2018-04-24 16:57:12.452352"], ["updated_at", "2018-04-24 16:57:12.452352"]]
  [1m[35m (2.1ms)[0m  [1m[36mcommit transaction[0m
  [1m[35m (0.1ms)[0m  [1m[36mbegin transaction[0m
  [1m[35mSQL (0.5ms)[0m  [1m[32mINSERT INTO "users" ("name", "created_at", "updated_at") VALUES (?, ?, ?)[0m  [["name", "Halvorson Group"], ["created_at", "2018-04-24 16:57:12.457360"], ["updated_at", "2018-04-24 16:57:12.457360"]]
  [1m[35m (2.0ms)[0m  [1m[36mcommit transaction[0m
  [1m[35m (0.2ms)[0m  [1m[36mbegin transaction[0m
  [1m[35mSQL (0.5ms)[0m  [1m[32mINSERT INTO "users" ("name", "created_at", "updated_at") VALUES (?, ?, ?)[0m  [["name", "Jerde, Davis and Haag"], ["created_at", "2018-04-24 16:57:12.475015"], ["updated_at", "2018-04-24 16:57:12.475015"]]
  [1m[35m (2.4ms)[0m  [1m[36mcommit transaction[0m
  [1m[35m (0.4ms)[0m  [1m[34mSELECT "schema_migrations"."version" FROM "schema_migrations" ORDER BY "schema_migrations"."version" ASC[0m
  [1m[36mActiveRecord::InternalMetadata Load (0.7ms)[0m  [1m[34mSELECT  "ar_internal_metadata".* FROM "ar_internal_metadata" WHERE "ar_internal_metadata"."key" = ? LIMIT ?[0m  [["key", "environment"], ["LIMIT", 1]]
  [1m[35m (0.1ms)[0m  [1m[36mbegin transaction[0m
  [1m[35m (0.0ms)[0m  [1m[36mcommit transaction[0m
  [1m[35m (0.1ms)[0m  [1m[34mSELECT "schema_migrations"."version" FROM "schema_migrations" ORDER BY "schema_migrations"."version" ASC[0m
  [1m[35m (0.6ms)[0m  [1m[34mSELECT "schema_migrations"."version" FROM "schema_migrations" ORDER BY "schema_migrations"."version" ASC[0m
  [1m[36mActiveRecord::InternalMetadata Load (0.7ms)[0m  [1m[34mSELECT  "ar_internal_metadata".* FROM "ar_internal_metadata" WHERE "ar_internal_metadata"."key" = ? LIMIT ?[0m  [["key", "environment"], ["LIMIT", 1]]
  [1m[35m (0.1ms)[0m  [1m[36mbegin transaction[0m
  [1m[35m (0.0ms)[0m  [1m[36mcommit transaction[0m
  [1m[35m (0.1ms)[0m  [1m[34mSELECT "schema_migrations"."version" FROM "schema_migrations" ORDER BY "schema_migrations"."version" ASC[0m
  [1m[35m (0.4ms)[0m  [1m[34mSELECT "schema_migrations"."version" FROM "schema_migrations" ORDER BY "schema_migrations"."version" ASC[0m
  [1m[35m (0.0ms)[0m  [1m[36mbegin transaction[0m
  [1m[35mSQL (1.2ms)[0m  [1m[32mINSERT INTO "users" ("name", "created_at", "updated_at") VALUES (?, ?, ?)[0m  [["name", "Amara Ondricka"], ["created_at", "2018-04-24 17:29:32.536406"], ["updated_at", "2018-04-24 17:29:32.536406"]]
  [1m[35m (1.9ms)[0m  [1m[36mcommit transaction[0m
  [1m[35m (0.1ms)[0m  [1m[36mbegin transaction[0m
  [1m[35mSQL (0.8ms)[0m  [1m[32mINSERT INTO "users" ("name", "created_at", "updated_at") VALUES (?, ?, ?)[0m  [["name", "Aniyah Bernhard DDS"], ["created_at", "2018-04-24 17:29:32.542080"], ["updated_at", "2018-04-24 17:29:32.542080"]]
  [1m[35m (1.3ms)[0m  [1m[36mcommit transaction[0m
  [1m[35m (0.0ms)[0m  [1m[36mbegin transaction[0m
  [1m[35mSQL (0.6ms)[0m  [1m[32mINSERT INTO "users" ("name", "created_at", "updated_at") VALUES (?, ?, ?)[0m  [["name", "Philip Green"], ["created_at", "2018-04-24 17:29:32.547097"], ["updated_at", "2018-04-24 17:29:32.547097"]]
  [1m[35m (0.8ms)[0m  [1m[36mcommit transaction[0m
  [1m[35m (0.1ms)[0m  [1m[36mbegin transaction[0m
  [1m[35mSQL (0.5ms)[0m  [1m[32mINSERT INTO "users" ("name", "created_at", "updated_at") VALUES (?, ?, ?)[0m  [["name", "Dr. Gretchen Friesen"], ["created_at", "2018-04-24 17:29:32.551093"], ["updated_at", "2018-04-24 17:29:32.551093"]]
  [1m[35m (0.8ms)[0m  [1m[36mcommit transaction[0m
  [1m[35m (0.0ms)[0m  [1m[36mbegin transaction[0m
  [1m[35mSQL (0.3ms)[0m  [1m[32mINSERT INTO "users" ("name", "created_at", "updated_at") VALUES (?, ?, ?)[0m  [["name", "Hillard Fadel"], ["created_at", "2018-04-24 17:29:32.553720"], ["updated_at", "2018-04-24 17:29:32.553720"]]
  [1m[35m (0.9ms)[0m  [1m[36mcommit transaction[0m
  [1m[35m (0.1ms)[0m  [1m[36mbegin transaction[0m
  [1m[35mSQL (0.3ms)[0m  [1m[32mINSERT INTO "users" ("name", "created_at", "updated_at") VALUES (?, ?, ?)[0m  [["name", "Mac Pacocha"], ["created_at", "2018-04-24 17:29:32.556615"], ["updated_at", "2018-04-24 17:29:32.556615"]]
  [1m[35m (0.8ms)[0m  [1m[36mcommit transaction[0m
  [1m[35m (0.3ms)[0m  [1m[36mbegin transaction[0m
  [1m[35mSQL (0.5ms)[0m  [1m[32mINSERT INTO "users" ("name", "created_at", "updated_at") VALUES (?, ?, ?)[0m  [["name", "Isabell Olson"], ["created_at", "2018-04-24 17:29:32.559933"], ["updated_at", "2018-04-24 17:29:32.559933"]]
  [1m[35m (0.7ms)[0m  [1m[36mcommit transaction[0m
  [1m[35m (0.1ms)[0m  [1m[36mbegin transaction[0m
  [1m[35mSQL (0.9ms)[0m  [1m[32mINSERT INTO "users" ("name", "created_at", "updated_at") VALUES (?, ?, ?)[0m  [["name", "Jean Grimes Jr."], ["created_at", "2018-04-24 17:29:32.563314"], ["updated_at", "2018-04-24 17:29:32.563314"]]
  [1m[35m (0.9ms)[0m  [1m[36mcommit transaction[0m
  [1m[35m (0.0ms)[0m  [1m[36mbegin transaction[0m
  [1m[35mSQL (0.3ms)[0m  [1m[32mINSERT INTO "users" ("name", "created_at", "updated_at") VALUES (?, ?, ?)[0m  [["name", "Mr. Peter Nolan"], ["created_at", "2018-04-24 17:29:32.567267"], ["updated_at", "2018-04-24 17:29:32.567267"]]
  [1m[35m (1.0ms)[0m  [1m[36mcommit transaction[0m
  [1m[35m (0.1ms)[0m  [1m[36mbegin transaction[0m
  [1m[35mSQL (0.3ms)[0m  [1m[32mINSERT INTO "users" ("name", "created_at", "updated_at") VALUES (?, ?, ?)[0m  [["name", "Kailey Beatty IV"], ["created_at", "2018-04-24 17:29:32.570308"], ["updated_at", "2018-04-24 17:29:32.570308"]]
  [1m[35m (1.0ms)[0m  [1m[36mcommit transaction[0m
  [1m[35m (0.0ms)[0m  [1m[36mbegin transaction[0m
  [1m[35mSQL (0.4ms)[0m  [1m[32mINSERT INTO "users" ("name", "created_at", "updated_at") VALUES (?, ?, ?)[0m  [["name", "Eudora Kilback"], ["created_at", "2018-04-24 17:29:32.573290"], ["updated_at", "2018-04-24 17:29:32.573290"]]
  [1m[35m (1.0ms)[0m  [1m[36mcommit transaction[0m
  [1m[35m (0.1ms)[0m  [1m[36mbegin transaction[0m
  [1m[35mSQL (0.3ms)[0m  [1m[32mINSERT INTO "users" ("name", "created_at", "updated_at") VALUES (?, ?, ?)[0m  [["name", "Mckayla Pagac MD"], ["created_at", "2018-04-24 17:29:32.576949"], ["updated_at", "2018-04-24 17:29:32.576949"]]
  [1m[35m (0.7ms)[0m  [1m[36mcommit transaction[0m
  [1m[35m (0.0ms)[0m  [1m[36mbegin transaction[0m
  [1m[35mSQL (0.5ms)[0m  [1m[32mINSERT INTO "users" ("name", "created_at", "updated_at") VALUES (?, ?, ?)[0m  [["name", "Johnnie Harvey"], ["created_at", "2018-04-24 17:29:32.579268"], ["updated_at", "2018-04-24 17:29:32.579268"]]
  [1m[35m (1.6ms)[0m  [1m[36mcommit transaction[0m
  [1m[35m (0.1ms)[0m  [1m[36mbegin transaction[0m
  [1m[35mSQL (0.5ms)[0m  [1m[32mINSERT INTO "users" ("name", "created_at", "updated_at") VALUES (?, ?, ?)[0m  [["name", "Theresa Hauck"], ["created_at", "2018-04-24 17:29:32.583161"], ["updated_at", "2018-04-24 17:29:32.583161"]]
  [1m[35m (0.7ms)[0m  [1m[36mcommit transaction[0m
  [1m[35m (0.0ms)[0m  [1m[36mbegin transaction[0m
  [1m[35mSQL (0.4ms)[0m  [1m[32mINSERT INTO "users" ("name", "created_at", "updated_at") VALUES (?, ?, ?)[0m  [["name", "Alexzander Welch"], ["created_at", "2018-04-24 17:29:32.585690"], ["updated_at", "2018-04-24 17:29:32.585690"]]
  [1m[35m (0.7ms)[0m  [1m[36mcommit transaction[0m
  [1m[35m (0.1ms)[0m  [1m[36mbegin transaction[0m
  [1m[35mSQL (0.3ms)[0m  [1m[32mINSERT INTO "users" ("name", "created_at", "updated_at") VALUES (?, ?, ?)[0m  [["name", "Miss Rachael Sipes"], ["created_at", "2018-04-24 17:29:32.592715"], ["updated_at", "2018-04-24 17:29:32.592715"]]
  [1m[35m (0.9ms)[0m  [1m[36mcommit transaction[0m
  [1m[35m (0.1ms)[0m  [1m[36mbegin transaction[0m
  [1m[35mSQL (0.7ms)[0m  [1m[32mINSERT INTO "users" ("name", "created_at", "updated_at") VALUES (?, ?, ?)[0m  [["name", "Serena Robel"], ["created_at", "2018-04-24 17:29:32.595504"], ["updated_at", "2018-04-24 17:29:32.595504"]]
  [1m[35m (0.8ms)[0m  [1m[36mcommit transaction[0m
  [1m[35m (0.0ms)[0m  [1m[36mbegin transaction[0m
  [1m[35mSQL (0.4ms)[0m  [1m[32mINSERT INTO "users" ("name", "created_at", "updated_at") VALUES (?, ?, ?)[0m  [["name", "Marisol Bergnaum III"], ["created_at", "2018-04-24 17:29:32.599636"], ["updated_at", "2018-04-24 17:29:32.599636"]]
  [1m[35m (0.7ms)[0m  [1m[36mcommit transaction[0m
  [1m[35m (0.0ms)[0m  [1m[36mbegin transaction[0m
  [1m[35mSQL (0.4ms)[0m  [1m[32mINSERT INTO "users" ("name", "created_at", "updated_at") VALUES (?, ?, ?)[0m  [["name", "Mr. Mabelle Terry"], ["created_at", "2018-04-24 17:29:32.601873"], ["updated_at", "2018-04-24 17:29:32.601873"]]
  [1m[35m (0.8ms)[0m  [1m[36mcommit transaction[0m
  [1m[35m (0.0ms)[0m  [1m[36mbegin transaction[0m
  [1m[35mSQL (0.7ms)[0m  [1m[32mINSERT INTO "users" ("name", "created_at", "updated_at") VALUES (?, ?, ?)[0m  [["name", "Russel Gorczany I"], ["created_at", "2018-04-24 17:29:32.604062"], ["updated_at", "2018-04-24 17:29:32.604062"]]
  [1m[35m (1.4ms)[0m  [1m[36mcommit transaction[0m
  [1m[35m (0.1ms)[0m  [1m[36mbegin transaction[0m
  [1m[35mSQL (0.5ms)[0m  [1m[32mINSERT INTO "users" ("name", "created_at", "updated_at") VALUES (?, ?, ?)[0m  [["name", "Estelle Welch"], ["created_at", "2018-04-24 17:29:32.608256"], ["updated_at", "2018-04-24 17:29:32.608256"]]
  [1m[35m (1.0ms)[0m  [1m[36mcommit transaction[0m
  [1m[35m (0.0ms)[0m  [1m[36mbegin transaction[0m
  [1m[35mSQL (0.4ms)[0m  [1m[32mINSERT INTO "users" ("name", "created_at", "updated_at") VALUES (?, ?, ?)[0m  [["name", "Lydia Ward"], ["created_at", "2018-04-24 17:29:32.611321"], ["updated_at", "2018-04-24 17:29:32.611321"]]
  [1m[35m (0.8ms)[0m  [1m[36mcommit transaction[0m
  [1m[35m (0.0ms)[0m  [1m[36mbegin transaction[0m
  [1m[35mSQL (0.4ms)[0m  [1m[32mINSERT INTO "articles" ("title", "body", "description", "created_at", "updated_at") VALUES (?, ?, ?, ?, ?)[0m  [["title", "qui"], ["body", "Dolor ipsam atque aut voluptas aliquam velit dolores. Iure quod non. Hic sequi libero aliquam itaque eligendi iste."], ["description", "Ab sequi minima suscipit quasi aut. Eos est doloremque suscipit accusamus. Nostrum qui impedit qui molestiae. Labore et rerum rerum odit. Impedit ad velit."], ["created_at", "2018-04-24 17:29:32.628781"], ["updated_at", "2018-04-24 17:29:32.628781"]]
  [1m[35m (2.1ms)[0m  [1m[36mcommit transaction[0m
  [1m[35m (0.1ms)[0m  [1m[36mbegin transaction[0m
  [1m[35mSQL (0.4ms)[0m  [1m[32mINSERT INTO "articles" ("title", "body", "description", "created_at", "updated_at") VALUES (?, ?, ?, ?, ?)[0m  [["title", "qui"], ["body", "Sapiente consequatur est doloribus qui natus. Explicabo repudiandae hic illo minus. A iusto porro dolor et omnis. Rerum voluptatibus numquam. Non nihil ipsam tenetur ea quibusdam sed aliquid."], ["description", "Atque officia odit. Qui architecto exercitationem sed illum accusantium quo doloremque. Quo earum aut."], ["created_at", "2018-04-24 17:29:32.633167"], ["updated_at", "2018-04-24 17:29:32.633167"]]
  [1m[35m (0.7ms)[0m  [1m[36mcommit transaction[0m
  [1m[35m (0.0ms)[0m  [1m[36mbegin transaction[0m
  [1m[35mSQL (0.5ms)[0m  [1m[32mINSERT INTO "articles" ("title", "body", "description", "created_at", "updated_at") VALUES (?, ?, ?, ?, ?)[0m  [["title", "qui"], ["body", "Dicta sunt provident sint. Nobis et sapiente in officia. Non nihil asperiores repellendus."], ["description", "Doloremque dicta eum aut ut aut accusantium laudantium. Est atque sint reiciendis animi aliquid molestiae voluptas. Rerum facilis eum et sequi id a sint. Illo nesciunt veritatis velit. Qui occaecati perferendis ut."], ["created_at", "2018-04-24 17:29:32.635828"], ["updated_at", "2018-04-24 17:29:32.635828"]]
  [1m[35m (0.7ms)[0m  [1m[36mcommit transaction[0m
  [1m[35m (0.0ms)[0m  [1m[36mbegin transaction[0m
  [1m[35mSQL (0.4ms)[0m  [1m[32mINSERT INTO "articles" ("title", "body", "description", "created_at", "updated_at") VALUES (?, ?, ?, ?, ?)[0m  [["title", "dolore"], ["body", "Ducimus deserunt nihil fugit labore et. Quia consectetur est nostrum omnis vel cupiditate. Quo aut ut et molestias consequuntur eligendi vero. Aut aut sit voluptatem optio nesciunt minima est."], ["description", "Optio sapiente et amet totam dignissimos iure et. Error excepturi doloremque at nihil. Est eaque dolorem impedit blanditiis fugit asperiores voluptas."], ["created_at", "2018-04-24 17:29:32.639221"], ["updated_at", "2018-04-24 17:29:32.639221"]]
  [1m[35m (0.9ms)[0m  [1m[36mcommit transaction[0m
  [1m[35m (0.2ms)[0m  [1m[36mbegin transaction[0m
  [1m[35mSQL (0.4ms)[0m  [1m[32mINSERT INTO "articles" ("title", "body", "description", "created_at", "updated_at") VALUES (?, ?, ?, ?, ?)[0m  [["title", "reiciendis"], ["body", "Autem et sint molestias inventore ullam totam. Suscipit natus explicabo aut blanditiis. Explicabo accusamus quo voluptas laborum."], ["description", "Sed enim dolores consequatur. Quo dolor libero nobis ea dignissimos eveniet accusamus. Qui cum repellendus ut nobis maxime dolor."], ["created_at", "2018-04-24 17:29:32.643030"], ["updated_at", "2018-04-24 17:29:32.643030"]]
  [1m[35m (1.0ms)[0m  [1m[36mcommit transaction[0m
  [1m[35m (0.2ms)[0m  [1m[36mbegin transaction[0m
  [1m[35mSQL (0.5ms)[0m  [1m[32mINSERT INTO "articles" ("title", "body", "description", "created_at", "updated_at") VALUES (?, ?, ?, ?, ?)[0m  [["title", "inventore"], ["body", "Reiciendis earum placeat doloribus facilis. Ipsa perferendis aspernatur error harum. Cum libero inventore distinctio maiores laudantium nihil rem. Corrupti et voluptate qui similique."], ["description", "Delectus quia modi quidem et qui. Quod doloribus vel molestiae dolorem voluptates tenetur. Enim cumque totam est sint unde. Aut et molestias dicta distinctio ullam. Sunt ut accusamus id aut qui asperiores quos."], ["created_at", "2018-04-24 17:29:32.648002"], ["updated_at", "2018-04-24 17:29:32.648002"]]
  [1m[35m (0.9ms)[0m  [1m[36mcommit transaction[0m
  [1m[35m (0.1ms)[0m  [1m[36mbegin transaction[0m
  [1m[35mSQL (0.4ms)[0m  [1m[32mINSERT INTO "articles" ("title", "body", "description", "created_at", "updated_at") VALUES (?, ?, ?, ?, ?)[0m  [["title", "vero"], ["body", "Magni nobis quae et deserunt. Accusantium id saepe aut quis placeat veniam. Similique blanditiis voluptas temporibus. Similique praesentium impedit qui numquam quis maxime. Sed soluta consequuntur dolor."], ["description", "Dignissimos inventore consectetur nesciunt fugit. Minima inventore eos aut vero iure nihil laborum. Ad accusamus aliquam. Iste expedita assumenda quod non asperiores."], ["created_at", "2018-04-24 17:29:32.654094"], ["updated_at", "2018-04-24 17:29:32.654094"]]
  [1m[35m (1.7ms)[0m  [1m[36mcommit transaction[0m
  [1m[35m (0.0ms)[0m  [1m[36mbegin transaction[0m
  [1m[35mSQL (0.6ms)[0m  [1m[32mINSERT INTO "articles" ("title", "body", "description", "created_at", "updated_at") VALUES (?, ?, ?, ?, ?)[0m  [["title", "quos"], ["body", "Reprehenderit nulla laudantium labore voluptas iste. Fugiat ducimus itaque quo qui omnis similique dicta. Et et sit quia. Voluptatibus ducimus consequatur ut a. Asperiores libero cumque."], ["description", "Qui labore reprehenderit. Blanditiis quibusdam beatae. Tempora optio tempore numquam aspernatur voluptas sit illum."], ["created_at", "2018-04-24 17:29:32.659400"], ["updated_at", "2018-04-24 17:29:32.659400"]]
  [1m[35m (0.7ms)[0m  [1m[36mcommit transaction[0m
  [1m[35m (0.0ms)[0m  [1m[36mbegin transaction[0m
  [1m[35mSQL (0.4ms)[0m  [1m[32mINSERT INTO "articles" ("title", "body", "description", "created_at", "updated_at") VALUES (?, ?, ?, ?, ?)[0m  [["title", "cupiditate"], ["body", "Voluptatem cum est sequi hic magni. Impedit id incidunt aperiam. Labore ut asperiores tempore minus sit a. Dignissimos id et blanditiis aspernatur. Aut sapiente facere error et nihil cumque qui."], ["description", "Ut corrupti et reiciendis. Rerum ullam magni molestiae sed laudantium. Dolorum sit assumenda distinctio odit animi. Rerum asperiores repudiandae nihil itaque."], ["created_at", "2018-04-24 17:29:32.662324"], ["updated_at", "2018-04-24 17:29:32.662324"]]
  [1m[35m (1.4ms)[0m  [1m[36mcommit transaction[0m
  [1m[35m (0.1ms)[0m  [1m[36mbegin transaction[0m
  [1m[35mSQL (0.4ms)[0m  [1m[32mINSERT INTO "articles" ("title", "body", "description", "created_at", "updated_at") VALUES (?, ?, ?, ?, ?)[0m  [["title", "veritatis"], ["body", "Eos et assumenda. Facilis eius qui architecto. Aliquid nobis quaerat optio quos. Possimus aut voluptas aut commodi natus. Repudiandae voluptas placeat voluptas sit nostrum esse quidem."], ["description", "Adipisci id consequuntur id molestias. Aliquam accusamus fuga nulla corrupti qui aut. Animi quod ut impedit voluptas inventore eveniet. Labore voluptas qui vel. Earum tempore ut quo odit."], ["created_at", "2018-04-24 17:29:32.667885"], ["updated_at", "2018-04-24 17:29:32.667885"]]
  [1m[35m (0.7ms)[0m  [1m[36mcommit transaction[0m
  [1m[35m (0.0ms)[0m  [1m[36mbegin transaction[0m
  [1m[35mSQL (0.5ms)[0m  [1m[32mINSERT INTO "users" ("created_at", "updated_at") VALUES (?, ?)[0m  [["created_at", "2018-04-24 17:41:51.765813"], ["updated_at", "2018-04-24 17:41:51.765813"]]
  [1m[35m (1.3ms)[0m  [1m[36mcommit transaction[0m
  [1m[35m (0.1ms)[0m  [1m[36mbegin transaction[0m
  [1m[35mSQL (0.5ms)[0m  [1m[32mINSERT INTO "articles" ("created_at", "updated_at") VALUES (?, ?)[0m  [["created_at", "2018-04-24 17:41:51.803034"], ["updated_at", "2018-04-24 17:41:51.803034"]]
  [1m[35m (2.7ms)[0m  [1m[36mcommit transaction[0m
